{"/Users/ritik/Desktop/TheRandomsBuilding/DietAnalyzer/backend/src/controllers/user.controller.js": {"path":"/Users/ritik/Desktop/TheRandomsBuilding/DietAnalyzer/backend/src/controllers/user.controller.js","statementMap":{"0":{"start":{"line":6,"column":39},"end":{"line":20,"column":3}},"1":{"start":{"line":7,"column":4},"end":{"line":19,"column":5}},"2":{"start":{"line":8,"column":19},"end":{"line":8,"column":46}},"3":{"start":{"line":9,"column":26},"end":{"line":9,"column":52}},"4":{"start":{"line":10,"column":27},"end":{"line":10,"column":54}},"5":{"start":{"line":12,"column":6},"end":{"line":12,"column":39}},"6":{"start":{"line":13,"column":6},"end":{"line":13,"column":34}},"7":{"start":{"line":14,"column":6},"end":{"line":14,"column":53}},"8":{"start":{"line":16,"column":6},"end":{"line":16,"column":43}},"9":{"start":{"line":18,"column":6},"end":{"line":18,"column":96}},"10":{"start":{"line":22,"column":24},"end":{"line":59,"column":3}},"11":{"start":{"line":23,"column":4},"end":{"line":58,"column":5}},"12":{"start":{"line":24,"column":65},"end":{"line":24,"column":73}},"13":{"start":{"line":26,"column":6},"end":{"line":28,"column":7}},"14":{"start":{"line":27,"column":8},"end":{"line":27,"column":78}},"15":{"start":{"line":30,"column":27},"end":{"line":30,"column":81}},"16":{"start":{"line":32,"column":6},"end":{"line":34,"column":7}},"17":{"start":{"line":33,"column":8},"end":{"line":33,"column":68}},"18":{"start":{"line":36,"column":19},"end":{"line":42,"column":8}},"19":{"start":{"line":44,"column":26},"end":{"line":44,"column":89}},"20":{"start":{"line":46,"column":6},"end":{"line":48,"column":7}},"21":{"start":{"line":47,"column":8},"end":{"line":47,"column":80}},"22":{"start":{"line":50,"column":6},"end":{"line":52,"column":8}},"23":{"start":{"line":54,"column":6},"end":{"line":56,"column":7}},"24":{"start":{"line":55,"column":8},"end":{"line":55,"column":56}},"25":{"start":{"line":57,"column":6},"end":{"line":57,"column":78}},"26":{"start":{"line":61,"column":24},"end":{"line":113,"column":3}},"27":{"start":{"line":62,"column":4},"end":{"line":112,"column":5}},"28":{"start":{"line":63,"column":37},"end":{"line":63,"column":45}},"29":{"start":{"line":65,"column":6},"end":{"line":67,"column":7}},"30":{"start":{"line":66,"column":8},"end":{"line":66,"column":56}},"31":{"start":{"line":69,"column":6},"end":{"line":71,"column":7}},"32":{"start":{"line":70,"column":8},"end":{"line":70,"column":56}},"33":{"start":{"line":73,"column":6},"end":{"line":73,"column":37}},"34":{"start":{"line":75,"column":19},"end":{"line":75,"column":62}},"35":{"start":{"line":77,"column":6},"end":{"line":79,"column":7}},"36":{"start":{"line":78,"column":8},"end":{"line":78,"column":50}},"37":{"start":{"line":81,"column":30},"end":{"line":81,"column":68}},"38":{"start":{"line":83,"column":6},"end":{"line":85,"column":7}},"39":{"start":{"line":84,"column":8},"end":{"line":84,"column":55}},"40":{"start":{"line":87,"column":44},"end":{"line":87,"column":90}},"41":{"start":{"line":89,"column":27},"end":{"line":89,"column":90}},"42":{"start":{"line":91,"column":22},"end":{"line":94,"column":7}},"43":{"start":{"line":96,"column":6},"end":{"line":106,"column":10}},"44":{"start":{"line":108,"column":6},"end":{"line":110,"column":7}},"45":{"start":{"line":109,"column":8},"end":{"line":109,"column":56}},"46":{"start":{"line":111,"column":6},"end":{"line":111,"column":78}},"47":{"start":{"line":115,"column":24},"end":{"line":138,"column":3}},"48":{"start":{"line":116,"column":4},"end":{"line":137,"column":5}},"49":{"start":{"line":117,"column":6},"end":{"line":123,"column":8}},"50":{"start":{"line":125,"column":22},"end":{"line":128,"column":7}},"51":{"start":{"line":130,"column":6},"end":{"line":134,"column":72}},"52":{"start":{"line":136,"column":6},"end":{"line":136,"column":78}},"53":{"start":{"line":140,"column":36},"end":{"line":180,"column":3}},"54":{"start":{"line":141,"column":4},"end":{"line":179,"column":5}},"55":{"start":{"line":142,"column":35},"end":{"line":142,"column":84}},"56":{"start":{"line":144,"column":6},"end":{"line":146,"column":7}},"57":{"start":{"line":145,"column":8},"end":{"line":145,"column":56}},"58":{"start":{"line":148,"column":27},"end":{"line":148,"column":93}},"59":{"start":{"line":150,"column":19},"end":{"line":150,"column":57}},"60":{"start":{"line":152,"column":6},"end":{"line":154,"column":7}},"61":{"start":{"line":153,"column":8},"end":{"line":153,"column":57}},"62":{"start":{"line":156,"column":6},"end":{"line":158,"column":7}},"63":{"start":{"line":157,"column":8},"end":{"line":157,"column":68}},"64":{"start":{"line":160,"column":44},"end":{"line":160,"column":90}},"65":{"start":{"line":162,"column":22},"end":{"line":165,"column":7}},"66":{"start":{"line":167,"column":6},"end":{"line":173,"column":10}},"67":{"start":{"line":175,"column":6},"end":{"line":177,"column":7}},"68":{"start":{"line":176,"column":8},"end":{"line":176,"column":56}},"69":{"start":{"line":178,"column":6},"end":{"line":178,"column":78}}},"fnMap":{"0":{"name":"(anonymous_0)","decl":{"start":{"line":6,"column":39},"end":{"line":6,"column":40}},"loc":{"start":{"line":6,"column":57},"end":{"line":20,"column":3}},"line":6},"1":{"name":"(anonymous_1)","decl":{"start":{"line":22,"column":24},"end":{"line":22,"column":25}},"loc":{"start":{"line":22,"column":44},"end":{"line":59,"column":3}},"line":22},"2":{"name":"(anonymous_2)","decl":{"start":{"line":61,"column":24},"end":{"line":61,"column":25}},"loc":{"start":{"line":61,"column":44},"end":{"line":113,"column":3}},"line":61},"3":{"name":"(anonymous_3)","decl":{"start":{"line":115,"column":24},"end":{"line":115,"column":25}},"loc":{"start":{"line":115,"column":44},"end":{"line":138,"column":3}},"line":115},"4":{"name":"(anonymous_4)","decl":{"start":{"line":140,"column":36},"end":{"line":140,"column":37}},"loc":{"start":{"line":140,"column":56},"end":{"line":180,"column":3}},"line":140}},"branchMap":{"0":{"loc":{"start":{"line":26,"column":6},"end":{"line":28,"column":7}},"type":"if","locations":[{"start":{"line":26,"column":6},"end":{"line":28,"column":7}},{"start":{},"end":{}}],"line":26},"1":{"loc":{"start":{"line":26,"column":10},"end":{"line":26,"column":42}},"type":"binary-expr","locations":[{"start":{"line":26,"column":10},"end":{"line":26,"column":19}},{"start":{"line":26,"column":23},"end":{"line":26,"column":29}},{"start":{"line":26,"column":33},"end":{"line":26,"column":42}}],"line":26},"2":{"loc":{"start":{"line":32,"column":6},"end":{"line":34,"column":7}},"type":"if","locations":[{"start":{"line":32,"column":6},"end":{"line":34,"column":7}},{"start":{},"end":{}}],"line":32},"3":{"loc":{"start":{"line":46,"column":6},"end":{"line":48,"column":7}},"type":"if","locations":[{"start":{"line":46,"column":6},"end":{"line":48,"column":7}},{"start":{},"end":{}}],"line":46},"4":{"loc":{"start":{"line":54,"column":6},"end":{"line":56,"column":7}},"type":"if","locations":[{"start":{"line":54,"column":6},"end":{"line":56,"column":7}},{"start":{},"end":{}}],"line":54},"5":{"loc":{"start":{"line":65,"column":6},"end":{"line":67,"column":7}},"type":"if","locations":[{"start":{"line":65,"column":6},"end":{"line":67,"column":7}},{"start":{},"end":{}}],"line":65},"6":{"loc":{"start":{"line":69,"column":6},"end":{"line":71,"column":7}},"type":"if","locations":[{"start":{"line":69,"column":6},"end":{"line":71,"column":7}},{"start":{},"end":{}}],"line":69},"7":{"loc":{"start":{"line":77,"column":6},"end":{"line":79,"column":7}},"type":"if","locations":[{"start":{"line":77,"column":6},"end":{"line":79,"column":7}},{"start":{},"end":{}}],"line":77},"8":{"loc":{"start":{"line":83,"column":6},"end":{"line":85,"column":7}},"type":"if","locations":[{"start":{"line":83,"column":6},"end":{"line":85,"column":7}},{"start":{},"end":{}}],"line":83},"9":{"loc":{"start":{"line":108,"column":6},"end":{"line":110,"column":7}},"type":"if","locations":[{"start":{"line":108,"column":6},"end":{"line":110,"column":7}},{"start":{},"end":{}}],"line":108},"10":{"loc":{"start":{"line":142,"column":35},"end":{"line":142,"column":84}},"type":"binary-expr","locations":[{"start":{"line":142,"column":35},"end":{"line":142,"column":59}},{"start":{"line":142,"column":63},"end":{"line":142,"column":84}}],"line":142},"11":{"loc":{"start":{"line":144,"column":6},"end":{"line":146,"column":7}},"type":"if","locations":[{"start":{"line":144,"column":6},"end":{"line":146,"column":7}},{"start":{},"end":{}}],"line":144},"12":{"loc":{"start":{"line":152,"column":6},"end":{"line":154,"column":7}},"type":"if","locations":[{"start":{"line":152,"column":6},"end":{"line":154,"column":7}},{"start":{},"end":{}}],"line":152},"13":{"loc":{"start":{"line":156,"column":6},"end":{"line":158,"column":7}},"type":"if","locations":[{"start":{"line":156,"column":6},"end":{"line":158,"column":7}},{"start":{},"end":{}}],"line":156},"14":{"loc":{"start":{"line":175,"column":6},"end":{"line":177,"column":7}},"type":"if","locations":[{"start":{"line":175,"column":6},"end":{"line":177,"column":7}},{"start":{},"end":{}}],"line":175}},"s":{"0":1,"1":0,"2":0,"3":0,"4":0,"5":0,"6":0,"7":0,"8":0,"9":0,"10":1,"11":2,"12":2,"13":2,"14":0,"15":2,"16":0,"17":0,"18":0,"19":0,"20":0,"21":0,"22":0,"23":2,"24":0,"25":2,"26":1,"27":2,"28":2,"29":2,"30":1,"31":1,"32":0,"33":1,"34":1,"35":0,"36":0,"37":0,"38":0,"39":0,"40":0,"41":0,"42":0,"43":0,"44":1,"45":1,"46":0,"47":1,"48":0,"49":0,"50":0,"51":0,"52":0,"53":1,"54":0,"55":0,"56":0,"57":0,"58":0,"59":0,"60":0,"61":0,"62":0,"63":0,"64":0,"65":0,"66":0,"67":0,"68":0,"69":0},"f":{"0":0,"1":2,"2":2,"3":0,"4":0},"b":{"0":[0,2],"1":[2,2,2],"2":[0,0],"3":[0,0],"4":[0,2],"5":[1,1],"6":[0,1],"7":[0,0],"8":[0,0],"9":[1,0],"10":[0,0],"11":[0,0],"12":[0,0],"13":[0,0],"14":[0,0]},"inputSourceMap":null,"_coverageSchema":"1a1c01bbd47fc00a2c39e90264f33305004495a9","hash":"b6c77d563e3f17e00553e3dc331e21b1ba4df2dd"}
,"/Users/ritik/Desktop/TheRandomsBuilding/DietAnalyzer/backend/src/models/user.model.js": {"path":"/Users/ritik/Desktop/TheRandomsBuilding/DietAnalyzer/backend/src/models/user.model.js","statementMap":{"0":{"start":{"line":5,"column":19},"end":{"line":47,"column":4}},"1":{"start":{"line":50,"column":0},"end":{"line":56,"column":3}},"2":{"start":{"line":51,"column":4},"end":{"line":54,"column":5}},"3":{"start":{"line":52,"column":8},"end":{"line":52,"column":60}},"4":{"start":{"line":53,"column":8},"end":{"line":53,"column":15}},"5":{"start":{"line":55,"column":4},"end":{"line":55,"column":18}},"6":{"start":{"line":58,"column":0},"end":{"line":60,"column":2}},"7":{"start":{"line":59,"column":4},"end":{"line":59,"column":57}},"8":{"start":{"line":62,"column":0},"end":{"line":74,"column":2}},"9":{"start":{"line":63,"column":4},"end":{"line":73,"column":5}},"10":{"start":{"line":77,"column":0},"end":{"line":87,"column":2}},"11":{"start":{"line":78,"column":4},"end":{"line":86,"column":5}},"12":{"start":{"line":90,"column":20},"end":{"line":90,"column":54}}},"fnMap":{"0":{"name":"(anonymous_0)","decl":{"start":{"line":50,"column":23},"end":{"line":50,"column":24}},"loc":{"start":{"line":50,"column":44},"end":{"line":56,"column":1}},"line":50},"1":{"name":"(anonymous_1)","decl":{"start":{"line":58,"column":39},"end":{"line":58,"column":40}},"loc":{"start":{"line":58,"column":63},"end":{"line":60,"column":1}},"line":58},"2":{"name":"(anonymous_2)","decl":{"start":{"line":62,"column":41},"end":{"line":62,"column":42}},"loc":{"start":{"line":62,"column":51},"end":{"line":74,"column":1}},"line":62},"3":{"name":"(anonymous_3)","decl":{"start":{"line":77,"column":42},"end":{"line":77,"column":43}},"loc":{"start":{"line":77,"column":52},"end":{"line":87,"column":1}},"line":77}},"branchMap":{"0":{"loc":{"start":{"line":51,"column":4},"end":{"line":54,"column":5}},"type":"if","locations":[{"start":{"line":51,"column":4},"end":{"line":54,"column":5}},{"start":{},"end":{}}],"line":51}},"s":{"0":1,"1":1,"2":0,"3":0,"4":0,"5":0,"6":1,"7":0,"8":1,"9":0,"10":1,"11":0,"12":1},"f":{"0":0,"1":0,"2":0,"3":0},"b":{"0":[0,0]},"inputSourceMap":null,"_coverageSchema":"1a1c01bbd47fc00a2c39e90264f33305004495a9","hash":"a862a3ad6696b56c0a2a9019249239d814ad13ff"}
,"/Users/ritik/Desktop/TheRandomsBuilding/DietAnalyzer/backend/src/utils/ApiError.js": {"path":"/Users/ritik/Desktop/TheRandomsBuilding/DietAnalyzer/backend/src/utils/ApiError.js","statementMap":{"0":{"start":{"line":8,"column":8},"end":{"line":8,"column":22}},"1":{"start":{"line":9,"column":8},"end":{"line":9,"column":36}},"2":{"start":{"line":10,"column":8},"end":{"line":10,"column":24}},"3":{"start":{"line":11,"column":8},"end":{"line":11,"column":30}},"4":{"start":{"line":12,"column":8},"end":{"line":12,"column":28}},"5":{"start":{"line":13,"column":8},"end":{"line":13,"column":29}},"6":{"start":{"line":15,"column":8},"end":{"line":19,"column":9}},"7":{"start":{"line":16,"column":12},"end":{"line":16,"column":31}},"8":{"start":{"line":18,"column":12},"end":{"line":18,"column":60}}},"fnMap":{"0":{"name":"(anonymous_0)","decl":{"start":{"line":2,"column":4},"end":{"line":2,"column":5}},"loc":{"start":{"line":7,"column":5},"end":{"line":20,"column":5}},"line":7}},"branchMap":{"0":{"loc":{"start":{"line":4,"column":8},"end":{"line":4,"column":40}},"type":"default-arg","locations":[{"start":{"line":4,"column":18},"end":{"line":4,"column":40}}],"line":4},"1":{"loc":{"start":{"line":5,"column":8},"end":{"line":5,"column":18}},"type":"default-arg","locations":[{"start":{"line":5,"column":16},"end":{"line":5,"column":18}}],"line":5},"2":{"loc":{"start":{"line":6,"column":8},"end":{"line":6,"column":18}},"type":"default-arg","locations":[{"start":{"line":6,"column":16},"end":{"line":6,"column":18}}],"line":6},"3":{"loc":{"start":{"line":15,"column":8},"end":{"line":19,"column":9}},"type":"if","locations":[{"start":{"line":15,"column":8},"end":{"line":19,"column":9}},{"start":{"line":17,"column":13},"end":{"line":19,"column":9}}],"line":15}},"s":{"0":3,"1":3,"2":3,"3":3,"4":3,"5":3,"6":3,"7":0,"8":3},"f":{"0":3},"b":{"0":[0],"1":[3],"2":[3],"3":[0,3]},"inputSourceMap":null,"_coverageSchema":"1a1c01bbd47fc00a2c39e90264f33305004495a9","hash":"e72f9f7bb8aab0c73b82bb41bd589e2e6b2df40f"}
,"/Users/ritik/Desktop/TheRandomsBuilding/DietAnalyzer/backend/src/utils/ApiResonse.js": {"path":"/Users/ritik/Desktop/TheRandomsBuilding/DietAnalyzer/backend/src/utils/ApiResonse.js","statementMap":{"0":{"start":{"line":3,"column":8},"end":{"line":3,"column":37}},"1":{"start":{"line":4,"column":8},"end":{"line":4,"column":25}},"2":{"start":{"line":5,"column":8},"end":{"line":5,"column":31}},"3":{"start":{"line":6,"column":8},"end":{"line":6,"column":34}}},"fnMap":{"0":{"name":"(anonymous_0)","decl":{"start":{"line":2,"column":4},"end":{"line":2,"column":5}},"loc":{"start":{"line":2,"column":54},"end":{"line":7,"column":5}},"line":2}},"branchMap":{"0":{"loc":{"start":{"line":2,"column":34},"end":{"line":2,"column":53}},"type":"default-arg","locations":[{"start":{"line":2,"column":44},"end":{"line":2,"column":53}}],"line":2}},"s":{"0":0,"1":0,"2":0,"3":0},"f":{"0":0},"b":{"0":[0]},"inputSourceMap":null,"_coverageSchema":"1a1c01bbd47fc00a2c39e90264f33305004495a9","hash":"31c730950bc3e00ce07a56dfbe47fbd8a7411bdb"}
}
